==================================================
🤖 UNIVERSAL REDDIT SCRAPER SUITE
==================================================
🚀 Starting FULL HISTORY scrape for u/sanjeev284
   📊 Target posts: 100
   🖼️  Download media: True
   💬 Scrape comments: True
   🔌 Plugins enabled: False
--------------------------------------------------
✅ Database initialized
📋 Job started: a4ec0191

📡 Fetching from: https://redlib.catsarch.com
   ⚠️ Error with https://redlib.catsarch.com: Expecting value: line 1 column 1 (char 0)

📡 Fetching from: https://r.nf

📡 Fetching from: https://redlib.tux.pizza
   ⚠️ Error with https://redlib.tux.pizza: HTTPSConnectionPool(host='redlib.tux.pizza', port=443): Max retries exceeded with url: /user/sanjeev284/submitted.json?limit=100&raw_json=1 (Caused by ConnectTimeoutError(<urllib3.connection.HTTPSConnection object at 0x000002886FAAF8C0>, 'Connection to redlib.tux.pizza timed out. (connect timeout=15)'))

📡 Fetching from: https://redlib.vsls.cz
   ⚠️ Error with https://redlib.vsls.cz: HTTPSConnectionPool(host='redlib.vsls.cz', port=443): Max retries exceeded with url: /user/sanjeev284/submitted.json?limit=100&raw_json=1 (Caused by NewConnectionError('<urllib3.connection.HTTPSConnection object at 0x000002886FAC8AD0>: Failed to establish a new connection: [Errno 11001] getaddrinfo failed'))

📡 Fetching from: https://old.reddit.com
   Found 100 posts in this batch
   + Downloaded: 3 images, 0 videos
   💬 Fetching comments for: Received my T-Shirt...
   + Scraped 22 comments
   + Downloaded: 3 images, 0 videos
   💬 Fetching comments for: I reached my 6 PR Milestone...
   + Scraped 2 comments
   💬 Fetching comments for: What am I? "Chased, I retreat; still, I ...
   + Scraped 9 comments
   💬 Fetching comments for: What am I? "I live and die until ..."[PH...
   + Scraped 10 comments
   💬 Fetching comments for: What am I? "I judge all code without ......
   + Scraped 7 comments
   💬 Fetching comments for: What am I? "I drink the days in ..."[OBJ...
   + Scraped 6 comments
   💬 Fetching comments for: What am I? "I turn bridges to lace ..."[...
   + Scraped 15 comments
   💬 Fetching comments for: What am I? "I walk in sandals yet ..."[C...
   + Scraped 3 comments
   💬 Fetching comments for: In Search of Cucumber Mint Cooler...
   + Scraped 1 comments
   💬 Fetching comments for: Gloom and Citrus Nut Gelato: a Journey o...
   + Scraped 1 comments
   💬 Fetching comments for: Cryptic History Lesson and Cappuccino wi...
   + Scraped 1 comments
   💬 Fetching comments for: Devil's Chicken Curry In the Mossy Fores...
   + Scraped 1 comments
   💬 Fetching comments for: Roast Beef Open Sandwich and Inner Confl...
   + Scraped 1 comments
   💬 Fetching comments for: Reflection, Violence, and Spicy Mayo Tak...
   + Scraped 1 comments
   💬 Fetching comments for: Golden Mango Custard and Hope...
   + Scraped 1 comments
   💬 Fetching comments for: Smoked Pork Ribs In the Mossy Forest...
   + Scraped 3 comments
Traceback (most recent call last):
  File "E:\redditscraper\main.py", line 879, in <module>
    main()
  File "E:\redditscraper\main.py", line 873, in main
    run_full_history(args.target, args.limit, args.user,
  File "E:\redditscraper\main.py", line 499, in run_full_history
    time.sleep(1)
KeyboardInterrupt
