==================================================
🤖 UNIVERSAL REDDIT SCRAPER SUITE
==================================================
🚀 Starting FULL HISTORY scrape for r/sanjeev284
   📊 Target posts: 10
   🖼️  Download media: True
   💬 Scrape comments: True
   🔌 Plugins enabled: False
--------------------------------------------------
✅ Database initialized
📋 Job started: 99996a84

📡 Fetching from: https://redlib.catsarch.com
   ⚠️ Error with https://redlib.catsarch.com: Expecting value: line 1 column 1 (char 0)

📡 Fetching from: https://old.reddit.com
   Found 0 posts in this batch

📊 Progress: 0/10 posts
   🖼️  Images: 0 | 🎬 Videos: 0
   💬 Comments: 0

🏁 Reached end of available history.
✅ Job 99996a84 completed: 0 posts, 0 comments in 1.7s

==================================================
✅ SCRAPE COMPLETE!
   📁 Data saved to: data/r_sanjeev284
   📊 Total posts: 0
   🖼️  Total images: 0
   🎬 Total videos: 0
   💬 Total comments: 0
   ⏱️  Duration: 1.7s
