==================================================
🤖 UNIVERSAL REDDIT SCRAPER SUITE
==================================================
🚀 Starting FULL HISTORY scrape for u/sanjeev284
   📊 Target posts: 100
   🖼️  Download media: True
   💬 Scrape comments: True
   🔌 Plugins enabled: False
--------------------------------------------------
✅ Database initialized
📋 Job started: af9951e3

📡 Fetching from: https://redlib.vsls.cz
   ⚠️ Error with https://redlib.vsls.cz: HTTPSConnectionPool(host='redlib.vsls.cz', port=443): Max retries exceeded with url: /user/sanjeev284/submitted.json?limit=100&raw_json=1 (Caused by NewConnectionError('<urllib3.connection.HTTPSConnection object at 0x00000273B3502C60>: Failed to establish a new connection: [Errno 11001] getaddrinfo failed'))

📡 Fetching from: https://old.reddit.com
   Found 100 posts in this batch
   + Downloaded: 3 images, 0 videos
   💬 Fetching comments for: Received my T-Shirt...
   + Scraped 22 comments
   + Downloaded: 3 images, 0 videos
   💬 Fetching comments for: I reached my 6 PR Milestone...
   + Scraped 2 comments
   💬 Fetching comments for: What am I? "Chased, I retreat; still, I ...
   + Scraped 9 comments
   💬 Fetching comments for: What am I? "I live and die until ..."[PH...
   + Scraped 10 comments
   💬 Fetching comments for: What am I? "I judge all code without ......
   + Scraped 7 comments
   💬 Fetching comments for: What am I? "I drink the days in ..."[OBJ...
   + Scraped 6 comments
   💬 Fetching comments for: What am I? "I turn bridges to lace ..."[...
   + Scraped 15 comments
   💬 Fetching comments for: What am I? "I walk in sandals yet ..."[C...
   + Scraped 3 comments
   💬 Fetching comments for: In Search of Cucumber Mint Cooler...
   + Scraped 1 comments
   💬 Fetching comments for: Gloom and Citrus Nut Gelato: a Journey o...
   + Scraped 1 comments
   💬 Fetching comments for: Cryptic History Lesson and Cappuccino wi...
   + Scraped 1 comments
   💬 Fetching comments for: Devil's Chicken Curry In the Mossy Fores...
   + Scraped 1 comments
   💬 Fetching comments for: Roast Beef Open Sandwich and Inner Confl...
   + Scraped 1 comments
   💬 Fetching comments for: Reflection, Violence, and Spicy Mayo Tak...
   + Scraped 1 comments
   💬 Fetching comments for: Golden Mango Custard and Hope...
   + Scraped 1 comments
   💬 Fetching comments for: Smoked Pork Ribs In the Mossy Forest...
   + Scraped 3 comments
   💬 Fetching comments for: Spinach & Artichoke Chowder and Deep Pur...
   + Scraped 1 comments
   💬 Fetching comments for: Grilled Oysters Rockefeller: Empty Belly...
   + Scraped 2 comments
   💬 Fetching comments for: BLT with Avocado and Loot...
   + Scraped 1 comments
   💬 Fetching comments for: Takoyaki Filling and Strange Ways...
   + Scraped 1 comments
   💬 Fetching comments for: In Search of Double Fudge Ripple Cone...
   + Scraped 1 comments
   💬 Fetching comments for: Soft Boiled Ramen Egg In the Mossy Fores...
   + Scraped 1 comments
   + Downloaded: 4 images, 0 videos
   💬 Fetching comments for: Today I went to Reddit Mod Masterclass...
   + Scraped 84 comments
   + Downloaded: 1 images, 1 videos
   💬 Fetching comments for: My friend’s cat is Orient lover...
   + Scraped 1 comments
   + Downloaded: 3 images, 0 videos
   + Downloaded: 1 images, 1 videos
   💬 Fetching comments for: I think my cat loves my watch...
Traceback (most recent call last):
  File "E:\redditscraper\main.py", line 879, in <module>
    main()
  File "E:\redditscraper\main.py", line 873, in main
    run_full_history(args.target, args.limit, args.user,
  File "E:\redditscraper\main.py", line 496, in run_full_history
    comments = scrape_comments(post['permalink'])
               ^^^^^^^^^^^^^^^^^^^^^^^^^^^^^^^^^^
  File "E:\redditscraper\main.py", line 303, in scrape_comments
    response = SESSION.get(url, timeout=15)
               ^^^^^^^^^^^^^^^^^^^^^^^^^^^^
  File "C:\Users\ksanj\AppData\Roaming\Python\Python312\site-packages\requests\sessions.py", line 602, in get
    return self.request("GET", url, **kwargs)
           ^^^^^^^^^^^^^^^^^^^^^^^^^^^^^^^^^^
  File "C:\Users\ksanj\AppData\Roaming\Python\Python312\site-packages\requests\sessions.py", line 589, in request
    resp = self.send(prep, **send_kwargs)
           ^^^^^^^^^^^^^^^^^^^^^^^^^^^^^^
  File "C:\Users\ksanj\AppData\Roaming\Python\Python312\site-packages\requests\sessions.py", line 703, in send
    r = adapter.send(request, **kwargs)
        ^^^^^^^^^^^^^^^^^^^^^^^^^^^^^^^
  File "C:\Users\ksanj\AppData\Roaming\Python\Python312\site-packages\requests\adapters.py", line 486, in send
    resp = conn.urlopen(
           ^^^^^^^^^^^^^
  File "C:\Users\ksanj\AppData\Roaming\Python\Python312\site-packages\urllib3\connectionpool.py", line 716, in urlopen
    httplib_response = self._make_request(
                       ^^^^^^^^^^^^^^^^^^^
  File "C:\Users\ksanj\AppData\Roaming\Python\Python312\site-packages\urllib3\connectionpool.py", line 468, in _make_request
    six.raise_from(e, None)
  File "<string>", line 3, in raise_from
  File "C:\Users\ksanj\AppData\Roaming\Python\Python312\site-packages\urllib3\connectionpool.py", line 463, in _make_request
    httplib_response = conn.getresponse()
                       ^^^^^^^^^^^^^^^^^^
  File "C:\Python312\Lib\http\client.py", line 1428, in getresponse
    response.begin()
  File "C:\Python312\Lib\http\client.py", line 331, in begin
    version, status, reason = self._read_status()
                              ^^^^^^^^^^^^^^^^^^^
  File "C:\Python312\Lib\http\client.py", line 292, in _read_status
    line = str(self.fp.readline(_MAXLINE + 1), "iso-8859-1")
               ^^^^^^^^^^^^^^^^^^^^^^^^^^^^^^
  File "C:\Python312\Lib\socket.py", line 720, in readinto
    return self._sock.recv_into(b)
           ^^^^^^^^^^^^^^^^^^^^^^^
  File "C:\Python312\Lib\ssl.py", line 1251, in recv_into
    return self.read(nbytes, buffer)
           ^^^^^^^^^^^^^^^^^^^^^^^^^
  File "C:\Python312\Lib\ssl.py", line 1103, in read
    return self._sslobj.read(len, buffer)
           ^^^^^^^^^^^^^^^^^^^^^^^^^^^^^^
KeyboardInterrupt
