==================================================
🤖 UNIVERSAL REDDIT SCRAPER SUITE
==================================================
🚀 Starting FULL HISTORY scrape for r/sanjeev284
   📊 Target posts: 100
   🖼️  Download media: True
   💬 Scrape comments: True
   🔌 Plugins enabled: False
--------------------------------------------------
✅ Database initialized
📋 Job started: bc6c9e7d

📡 Fetching from: https://old.reddit.com
   Found 0 posts in this batch

📊 Progress: 0/100 posts
   🖼️  Images: 0 | 🎬 Videos: 0
   💬 Comments: 0

🏁 Reached end of available history.
✅ Job bc6c9e7d completed: 0 posts, 0 comments in 1.0s

==================================================
✅ SCRAPE COMPLETE!
   📁 Data saved to: data/r_sanjeev284
   📊 Total posts: 0
   🖼️  Total images: 0
   🎬 Total videos: 0
   💬 Total comments: 0
   ⏱️  Duration: 1.0s
