==================================================
🤖 UNIVERSAL REDDIT SCRAPER SUITE
==================================================
🚀 Starting FULL HISTORY scrape for u/sanjeev284
   📊 Target posts: 100
   🖼️  Download media: True
   💬 Scrape comments: True
   🔌 Plugins enabled: False
--------------------------------------------------
✅ Database initialized
📋 Job started: 33ae64d4

📡 Fetching from: https://r.nf

📡 Fetching from: https://old.reddit.com
   Found 100 posts in this batch
   + Downloaded: 3 images, 0 videos
   💬 Fetching comments for: Received my T-Shirt...
   + Scraped 22 comments
   + Downloaded: 3 images, 0 videos
   💬 Fetching comments for: I reached my 6 PR Milestone...
   + Scraped 2 comments
   💬 Fetching comments for: What am I? "Chased, I retreat; still, I ...
   + Scraped 9 comments
   💬 Fetching comments for: What am I? "I live and die until ..."[PH...
   + Scraped 10 comments
   💬 Fetching comments for: What am I? "I judge all code without ......
   + Scraped 7 comments
   💬 Fetching comments for: What am I? "I drink the days in ..."[OBJ...
   + Scraped 6 comments
   💬 Fetching comments for: What am I? "I turn bridges to lace ..."[...
   + Scraped 15 comments
   💬 Fetching comments for: What am I? "I walk in sandals yet ..."[C...
   + Scraped 3 comments
   💬 Fetching comments for: In Search of Cucumber Mint Cooler...
   + Scraped 1 comments
   💬 Fetching comments for: Gloom and Citrus Nut Gelato: a Journey o...
   + Scraped 1 comments
   💬 Fetching comments for: Cryptic History Lesson and Cappuccino wi...
   + Scraped 1 comments
   💬 Fetching comments for: Devil's Chicken Curry In the Mossy Fores...
   + Scraped 1 comments
   💬 Fetching comments for: Roast Beef Open Sandwich and Inner Confl...
   + Scraped 1 comments
   💬 Fetching comments for: Reflection, Violence, and Spicy Mayo Tak...
   + Scraped 1 comments
   💬 Fetching comments for: Golden Mango Custard and Hope...
   + Scraped 1 comments
   💬 Fetching comments for: Smoked Pork Ribs In the Mossy Forest...
   + Scraped 3 comments
   💬 Fetching comments for: Spinach & Artichoke Chowder and Deep Pur...
   + Scraped 1 comments
   💬 Fetching comments for: Grilled Oysters Rockefeller: Empty Belly...
   + Scraped 2 comments
   💬 Fetching comments for: BLT with Avocado and Loot...
   + Scraped 1 comments
   💬 Fetching comments for: Takoyaki Filling and Strange Ways...
   + Scraped 1 comments
   💬 Fetching comments for: In Search of Double Fudge Ripple Cone...
   + Scraped 1 comments
   💬 Fetching comments for: Soft Boiled Ramen Egg In the Mossy Fores...
   + Scraped 1 comments
   + Downloaded: 4 images, 0 videos
   💬 Fetching comments for: Today I went to Reddit Mod Masterclass...
   + Scraped 84 comments
   + Downloaded: 1 images, 1 videos
   💬 Fetching comments for: My friend’s cat is Orient lover...
   + Scraped 1 comments
   + Downloaded: 3 images, 0 videos
   + Downloaded: 1 images, 1 videos
   💬 Fetching comments for: I think my cat loves my watch...
   + Scraped 1 comments
   + Downloaded: 3 images, 0 videos
   💬 Fetching comments for: Her memories doesn’t fade away...
   + Scraped 2 comments
   💬 Fetching comments for: Where we can get best Coffee In Hyderaba...
   + Downloaded: 3 images, 0 videos
   💬 Fetching comments for: got this as birthday gift...
   + Scraped 15 comments
   💬 Fetching comments for: [Showoff Saturday] Built a Paycheck Calc...
   + Scraped 2 comments
   💬 Fetching comments for: Just built a simple tool to help you cal...
   + Scraped 10 comments
   + Downloaded: 3 images, 0 videos
   💬 Fetching comments for: Guyser About To Guyse...
   + Scraped 8 comments
   💬 Fetching comments for: Find the Cheapest Drinks in Hyderabad – ...
   + Scraped 45 comments
   💬 Fetching comments for: Explore Reddit User Data with My New Ana...
   + Scraped 11 comments
   💬 Fetching comments for: Hi Everyone, I have made this project to...
   + Scraped 1 comments
   💬 Fetching comments for: Hi Everyone I made a site to help find g...
   + Scraped 1 comments
   💬 Fetching comments for: Hi Everyone I made a site to help find g...
   + Scraped 2 comments
   💬 Fetching comments for: Hi Everyone I made a site to help find g...
   + Scraped 3 comments
   + Downloaded: 1 images, 0 videos
   💬 Fetching comments for: Hi Everyone, I have created a CTC calcul...
   + Scraped 9 comments
   + Downloaded: 3 images, 0 videos
   💬 Fetching comments for: I got the same message third time...
   + Scraped 21 comments
   💬 Fetching comments for: Hi everyone! I’ve created a CTC calculat...
   + Scraped 91 comments
   💬 Fetching comments for: Hi Guy’s I made a CTC Calculator, Please...
   + Scraped 26 comments
   + Downloaded: 3 images, 0 videos
   + Downloaded: 3 images, 0 videos
   💬 Fetching comments for: Guess the place ?...
   + Scraped 25 comments
   + Downloaded: 3 images, 0 videos
   💬 Fetching comments for: Follow up on my wrong colour Razer Viper...
   + Scraped 65 comments
   + Downloaded: 1 images, 1 videos
   💬 Fetching comments for: Hi everyone need help as i received blac...
   + Scraped 83 comments
   + Downloaded: 3 images, 0 videos
   💬 Fetching comments for: Spotted this Benelli , which model is th...
   + Scraped 5 comments
   + Downloaded: 2 images, 0 videos
   💬 Fetching comments for: when you say jevliska to your Marathi Cr...
   + Scraped 1 comments
   + Downloaded: 2 images, 0 videos
   💬 Fetching comments for: what to do, i never took this loan ?...
   + Scraped 28 comments
   + Downloaded: 2 images, 0 videos
   💬 Fetching comments for: Anyone tried this perfume brand, daily i...
   + Scraped 5 comments
   + Downloaded: 1 images, 1 videos
   💬 Fetching comments for: Need help identifying this youtuber or s...
   + Scraped 3 comments
   + Downloaded: 1 images, 0 videos
   💬 Fetching comments for: Hi Everyone, I am learning Data Engineer...
   + Scraped 4 comments
   + Downloaded: 3 images, 0 videos
   💬 Fetching comments for: Hi everyone, I bought this watch on sale...
   + Scraped 90 comments
   + Downloaded: 3 images, 0 videos
   💬 Fetching comments for: Bought this bike 2 months ago after savi...
   + Scraped 81 comments
   + Downloaded: 2 images, 0 videos
   💬 Fetching comments for: Tired Sad Cat...
   + Scraped 6 comments
   + Downloaded: 3 images, 0 videos
   💬 Fetching comments for: Firecrackers which are being sold in Ind...
   + Scraped 91 comments
   + Downloaded: 3 images, 0 videos
   💬 Fetching comments for: woof woof paw patrol here...
   + Scraped 7 comments
   + Downloaded: 3 images, 0 videos
   + Downloaded: 3 images, 0 videos
   💬 Fetching comments for: Any idea where to get an estimated of 0....
   + Scraped 9 comments
   + Downloaded: 2 images, 0 videos
   💬 Fetching comments for: Average class monitor from section A...
   + Scraped 88 comments
   💬 Fetching comments for: Congrats to people who bought fifa 23 ul...
   + Scraped 17 comments
   + Downloaded: 3 images, 0 videos
   💬 Fetching comments for: Created using AI Art Generator Midjourne...
   + Scraped 28 comments
   + Downloaded: 2 images, 0 videos
   💬 Fetching comments for: Rainy Night City...
   + Scraped 1 comments
   + Downloaded: 3 images, 0 videos
   + Downloaded: 3 images, 0 videos
   + Downloaded: 3 images, 0 videos
   💬 Fetching comments for: cyberpunk city background...
   + Scraped 3 comments
   + Downloaded: 3 images, 0 videos
   💬 Fetching comments for: can someone help me out with access to m...
   + Scraped 11 comments
   💬 Fetching comments for: I am giving away one XBOX GAMEPASS ULTIM...
   + Scraped 24 comments
   + Downloaded: 3 images, 0 videos
   💬 Fetching comments for: Chennai,India...
   + Scraped 3 comments
   💬 Fetching comments for: Merry Christmas Everyone first 10 commen...
   + Scraped 32 comments
   💬 Fetching comments for: i will give award to who draws something...
   + Scraped 9 comments
   💬 Fetching comments for: help with multi sling blueprint...
   + Scraped 2 comments
   💬 Fetching comments for: [TOMT][YOUTUBE] I am searching for a You...
   + Scraped 2 comments
   💬 Fetching comments for: Need Some Rinkeby ETH...
   + Scraped 2 comments
   + Downloaded: 2 images, 0 videos
   💬 Fetching comments for: empty room sunset...
   + Scraped 1 comments
   + Downloaded: 2 images, 0 videos
   💬 Fetching comments for: to correct someone...
   + Downloaded: 3 images, 0 videos
   💬 Fetching comments for: sbrensbeve...
   + Scraped 4 comments
   + Downloaded: 3 images, 0 videos
   💬 Fetching comments for: santingovendnderstandingaain...
   + Scraped 38 comments
   + Downloaded: 3 images, 0 videos
   💬 Fetching comments for: SLIVED...
   + Scraped 40 comments
   + Downloaded: 3 images, 0 videos
   💬 Fetching comments for: svrensbeve...
   + Scraped 54 comments
   + Downloaded: 3 images, 0 videos
   + Downloaded: 3 images, 0 videos
   💬 Fetching comments for: Someone said this liminal space so posti...
   + Scraped 2 comments
   + Downloaded: 2 images, 0 videos
   💬 Fetching comments for: I edited this background...
   + Scraped 3 comments
   + Downloaded: 2 images, 0 videos
   💬 Fetching comments for: so today I edited this pic can u guys ra...
   + Scraped 17 comments
   + Downloaded: 3 images, 0 videos
   💬 Fetching comments for: SMalL FeRocious CaT getTIng DuG DoWN...
   + Scraped 1 comments
   + Downloaded: 3 images, 0 videos
✅ Saved 100 new posts
💬 Saved 1309 comments

📊 Progress: 100/100 posts
   🖼️  Images: 123 | 🎬 Videos: 4
   💬 Comments: 1309

⏸️ Cooling down (3s)...
✅ Job 33ae64d4 completed: 100 posts, 1309 comments in 136.8s

==================================================
✅ SCRAPE COMPLETE!
   📁 Data saved to: data/u_sanjeev284
   📊 Total posts: 100
   🖼️  Total images: 123
   🎬 Total videos: 4
   💬 Total comments: 1309
   ⏱️  Duration: 136.8s
