==================================================
🤖 UNIVERSAL REDDIT SCRAPER SUITE
==================================================
🚀 Starting FULL HISTORY scrape for r/chennai
   📊 Target posts: 100
   🖼️  Download media: True
   💬 Scrape comments: True
   🔌 Plugins enabled: False
--------------------------------------------------
✅ Database initialized
📋 Job started: f7ccbf8e

📡 Fetching from: https://r.nf

📡 Fetching from: https://redlib.catsarch.com
   ⚠️ Error with https://redlib.catsarch.com: Expecting value: line 1 column 1 (char 0)

📡 Fetching from: https://old.reddit.com
   Found 100 posts in this batch
   💬 Fetching comments for: Mini hike to Gudiyam Caves organized by ...
   💬 Fetching comments for: Chennai Airport Customs...
   💬 Fetching comments for: Don't travel to Russia with Indian passp...
   💬 Fetching comments for: Is anyone here teach me TN politics?...
   💬 Fetching comments for: Thank you for the hospitality...
   💬 Fetching comments for: Traffic police rant...
   💬 Fetching comments for: Best 3D theatres in Chennai...
   💬 Fetching comments for: For those 40+ in Chennai who feel alone ...
   💬 Fetching comments for: Revisiting "First time in Chennai" Posts...
   💬 Fetching comments for: Tatkal Fresh Passport (PSK) – Documents ...
   💬 Fetching comments for: Auto kaaran Rant...
   💬 Fetching comments for: National Anthem in movie theatres...
   💬 Fetching comments for: Chennai has been very dusty recently...
   💬 Fetching comments for: Beach closing time....
   💬 Fetching comments for: Where to watch Dhurandhar (hindi) with E...
   💬 Fetching comments for: Any road biking/cycling groups or clubs ...
   💬 Fetching comments for: No option on Irctc E- catering...
   💬 Fetching comments for: Velachery MRTS station condition is hone...
   💬 Fetching comments for: How many of you hate PVR sathyam men's u...
   💬 Fetching comments for: Anyone near shollinganallur to play badm...
   💬 Fetching comments for: Anyone from Guduvanchery/Urapakkam/Vanda...
   💬 Fetching comments for: TN dethrones competition: Massive GSDP s...
   💬 Fetching comments for: Death certificate in Chennai...
   💬 Fetching comments for: I got tired of filing complaints into a ...
   💬 Fetching comments for: Can TN become 1 trillion Economy?...
   💬 Fetching comments for: To reach Gingee Fort from Chennai...
   💬 Fetching comments for: Things to look out for as a solo travell...
   💬 Fetching comments for: 7 hrs layover at Chennai Airport with ki...
   💬 Fetching comments for: tamil electronic, alternative or indie r...
   💬 Fetching comments for: Good area to move in , in Chennai...
   💬 Fetching comments for: How is the environment like in connerma ...
   💬 Fetching comments for: Landlord harassing over security deposit...
   💬 Fetching comments for: KFC Villivakkam SCAM offers...
   💬 Fetching comments for: ID check for A rated movies?...
   💬 Fetching comments for: How to report Pet Abuse...
   💬 Fetching comments for: Indigo flight to salem...
   💬 Fetching comments for: Tenant Took Original Lease Doc, Won’t Re...
   💬 Fetching comments for: The Geminid meteor shower is happening t...
   💬 Fetching comments for: Planning to visit Elliots beach with a f...
   💬 Fetching comments for: My film TETHER is going to screen at Che...
   💬 Fetching comments for: Sunrise in Chennai today...
   💬 Fetching comments for: Kochi to Chennai: Infosys Test at VIT Ch...
   💬 Fetching comments for: Chennai International Film Festival(CIFF...
   💬 Fetching comments for: Beware: Looters in Vadapalani!...
   💬 Fetching comments for: 1rs ticket in MTC bus...
   💬 Fetching comments for: Driving License renewal online and medic...
   💬 Fetching comments for: Palazzo Imax eppo thaan open aagum for b...
   💬 Fetching comments for: Fanpit 3 in ymca nandhanam...
   💬 Fetching comments for: Anyone want to play board games in the e...
   💬 Fetching comments for: Ladies compartment of metro has pink han...
   💬 Fetching comments for: Lack civic sense is astounding...
   💬 Fetching comments for: Found this in a metro pillar on OMR...
   💬 Fetching comments for: Does Dhurandhar at PVR Palazzo (Nexus Ma...
   💬 Fetching comments for: Chennai is full of dust....
   💬 Fetching comments for: Chennai to Other Indian Cities: How has ...
   💬 Fetching comments for: What are your positive experiences with ...
   💬 Fetching comments for: Airtel air fiber customer support is wor...
   💬 Fetching comments for: Is Dhurandhar playing with English subti...
   💬 Fetching comments for: Suggest some fun activity places I can g...
   💬 Fetching comments for: Suggestions for fun hangout + activities...
   💬 Fetching comments for: Should I move back or no?...
   💬 Fetching comments for: My room is a biohazard & I don't know ho...
   💬 Fetching comments for: I've never seen these types before...
   💬 Fetching comments for: Band/Gig Scene in Chennai?...
   💬 Fetching comments for: Guysss urgent...
   💬 Fetching comments for: I think naresh is lonely :(...
   💬 Fetching comments for: Empty platform around US Consulate?...
   💬 Fetching comments for: Passport Application Doubt (Chennai, Ind...
   💬 Fetching comments for: What is Chennai...
   💬 Fetching comments for: Need cricket team members...
Traceback (most recent call last):
  File "E:\redditscraper\main.py", line 873, in <module>
    dry_run=args.dry_run, use_plugins=args.plugins)

  File "E:\redditscraper\main.py", line 867, in main
    download_media_flag=False, scrape_comments_flag=False,
^^^^^^^^^^^^^^^^^^^^^^^^^^^^^^^^^^^^^^^^^^^^^^^^^^^^^^^^^^
  File "E:\redditscraper\main.py", line 493, in run_full_history
    comments = scrape_comments(post['permalink'])
    ^^^^^^^^^^^^^
KeyboardInterrupt
