==================================================
🤖 UNIVERSAL REDDIT SCRAPER SUITE
==================================================
🚀 Starting FULL HISTORY scrape for r/chennai
   📊 Target posts: 100
   🖼️  Download media: True
   💬 Scrape comments: True
   🔌 Plugins enabled: False
--------------------------------------------------
✅ Database initialized
📋 Job started: d9b53c2c

📡 Fetching from: https://redlib.tux.pizza
   ⚠️ Error with https://redlib.tux.pizza: HTTPSConnectionPool(host='redlib.tux.pizza', port=443): Max retries exceeded with url: /r/chennai/new.json?limit=100&raw_json=1 (Caused by ConnectTimeoutError(<urllib3.connection.HTTPSConnection object at 0x0000017F7D6770B0>, 'Connection to redlib.tux.pizza timed out. (connect timeout=15)'))

📡 Fetching from: https://redlib.vsls.cz
   ⚠️ Error with https://redlib.vsls.cz: HTTPSConnectionPool(host='redlib.vsls.cz', port=443): Max retries exceeded with url: /r/chennai/new.json?limit=100&raw_json=1 (Caused by NewConnectionError('<urllib3.connection.HTTPSConnection object at 0x0000017F7F276B10>: Failed to establish a new connection: [Errno 11001] getaddrinfo failed'))

📡 Fetching from: https://old.reddit.com
   Found 100 posts in this batch
   + Downloaded: 2 images, 0 videos
   💬 Fetching comments for: Mini hike to Gudiyam Caves organized by ...
   💬 Fetching comments for: Chennai Airport Customs...
   💬 Fetching comments for: Don't travel to Russia with Indian passp...
   💬 Fetching comments for: Is anyone here teach me TN politics?...
   💬 Fetching comments for: Thank you for the hospitality...
   💬 Fetching comments for: Traffic police rant...
   + Downloaded: 3 images, 0 videos
   💬 Fetching comments for: Best 3D theatres in Chennai...
   💬 Fetching comments for: For those 40+ in Chennai who feel alone ...
   💬 Fetching comments for: Revisiting "First time in Chennai" Posts...
   💬 Fetching comments for: Tatkal Fresh Passport (PSK) – Documents ...
   💬 Fetching comments for: Auto kaaran Rant...
   💬 Fetching comments for: National Anthem in movie theatres...
   💬 Fetching comments for: Chennai has been very dusty recently...
   💬 Fetching comments for: Beach closing time....
   💬 Fetching comments for: Where to watch Dhurandhar (hindi) with E...
   💬 Fetching comments for: Any road biking/cycling groups or clubs ...
   💬 Fetching comments for: No option on Irctc E- catering...
   💬 Fetching comments for: Velachery MRTS station condition is hone...
   💬 Fetching comments for: How many of you hate PVR sathyam men's u...
   💬 Fetching comments for: Anyone near shollinganallur to play badm...
   💬 Fetching comments for: Anyone from Guduvanchery/Urapakkam/Vanda...
   + Downloaded: 3 images, 0 videos
   💬 Fetching comments for: TN dethrones competition: Massive GSDP s...
   💬 Fetching comments for: Death certificate in Chennai...
   💬 Fetching comments for: I got tired of filing complaints into a ...
   💬 Fetching comments for: Can TN become 1 trillion Economy?...
   💬 Fetching comments for: To reach Gingee Fort from Chennai...
   💬 Fetching comments for: Things to look out for as a solo travell...
   💬 Fetching comments for: 7 hrs layover at Chennai Airport with ki...
   💬 Fetching comments for: tamil electronic, alternative or indie r...
   💬 Fetching comments for: Good area to move in , in Chennai...
   💬 Fetching comments for: How is the environment like in connerma ...
   💬 Fetching comments for: Landlord harassing over security deposit...
   + Downloaded: 4 images, 0 videos
   💬 Fetching comments for: KFC Villivakkam SCAM offers...
   💬 Fetching comments for: ID check for A rated movies?...
   💬 Fetching comments for: How to report Pet Abuse...
   💬 Fetching comments for: Indigo flight to salem...
   💬 Fetching comments for: Tenant Took Original Lease Doc, Won’t Re...
   💬 Fetching comments for: The Geminid meteor shower is happening t...
   💬 Fetching comments for: Planning to visit Elliots beach with a f...
   💬 Fetching comments for: My film TETHER is going to screen at Che...
   + Downloaded: 2 images, 0 videos
   💬 Fetching comments for: Sunrise in Chennai today...
   💬 Fetching comments for: Kochi to Chennai: Infosys Test at VIT Ch...
   💬 Fetching comments for: Chennai International Film Festival(CIFF...
   + Downloaded: 9 images, 0 videos
   💬 Fetching comments for: Beware: Looters in Vadapalani!...
   💬 Fetching comments for: 1rs ticket in MTC bus...
   💬 Fetching comments for: Driving License renewal online and medic...
   💬 Fetching comments for: Palazzo Imax eppo thaan open aagum for b...
   + Downloaded: 1 images, 0 videos
   💬 Fetching comments for: Fanpit 3 in ymca nandhanam...
   💬 Fetching comments for: Anyone want to play board games in the e...
   + Downloaded: 2 images, 0 videos
   💬 Fetching comments for: Ladies compartment of metro has pink han...
   + Downloaded: 3 images, 0 videos
   💬 Fetching comments for: Lack civic sense is astounding...
   + Downloaded: 3 images, 0 videos
   💬 Fetching comments for: Found this in a metro pillar on OMR...
   💬 Fetching comments for: Does Dhurandhar at PVR Palazzo (Nexus Ma...
   + Downloaded: 3 images, 0 videos
   💬 Fetching comments for: Chennai is full of dust....
   💬 Fetching comments for: Chennai to Other Indian Cities: How has ...
   💬 Fetching comments for: What are your positive experiences with ...
   💬 Fetching comments for: Airtel air fiber customer support is wor...
   💬 Fetching comments for: Is Dhurandhar playing with English subti...
   💬 Fetching comments for: Suggest some fun activity places I can g...
   💬 Fetching comments for: Suggestions for fun hangout + activities...
   💬 Fetching comments for: Should I move back or no?...
   💬 Fetching comments for: My room is a biohazard & I don't know ho...
   + Downloaded: 2 images, 0 videos
   💬 Fetching comments for: I've never seen these types before...
   💬 Fetching comments for: Band/Gig Scene in Chennai?...
   💬 Fetching comments for: Guysss urgent...
   + Downloaded: 3 images, 0 videos
   💬 Fetching comments for: I think naresh is lonely :(...
   + Downloaded: 3 images, 0 videos
   💬 Fetching comments for: Empty platform around US Consulate?...
   💬 Fetching comments for: Passport Application Doubt (Chennai, Ind...
   + Downloaded: 3 images, 0 videos
   💬 Fetching comments for: What is Chennai...
   💬 Fetching comments for: Need cricket team members...
   💬 Fetching comments for: Has anyone had issues with Godrej Interi...
   💬 Fetching comments for: Badminton in Ramanujan IT Park...
   + Downloaded: 5 images, 0 videos
   💬 Fetching comments for: Mahabalipuram shots...
   💬 Fetching comments for: What's up with the MRTS Velachery to St....
   💬 Fetching comments for: Daily Office Commute...
   💬 Fetching comments for: Bikers cult ?...
   + Downloaded: 4 images, 0 videos
   💬 Fetching comments for: Visited Madras mini golf at Besant Nagar...
   💬 Fetching comments for: Kitten rescue in Chennai...
   💬 Fetching comments for: Visiting next year...
   + Downloaded: 2 images, 0 videos
   💬 Fetching comments for: Met a few strangers from Reddit. Shockin...
   + Downloaded: 3 images, 0 videos
   💬 Fetching comments for: Found this beautiful view...
   💬 Fetching comments for: JLPT Japanese Exam Chennai...
   💬 Fetching comments for: travel option from chennai central railw...
   + Downloaded: 3 images, 0 videos
   💬 Fetching comments for: Catnap anyone...
   💬 Fetching comments for: Aaryan...
   💬 Fetching comments for: My landlord came with goons today and th...
   💬 Fetching comments for: Public trashing...
✅ Saved 100 new posts
💬 Saved 1503 comments

📊 Progress: 100/100 posts
   🖼️  Images: 63 | 🎬 Videos: 0
   💬 Comments: 1503

⏸️ Cooling down (3s)...
✅ Job d9b53c2c completed: 100 posts, 1503 comments in 163.8s

==================================================
✅ SCRAPE COMPLETE!
   📁 Data saved to: data/r_chennai
   📊 Total posts: 100
   🖼️  Total images: 63
   🎬 Total videos: 0
   💬 Total comments: 1503
   ⏱️  Duration: 163.8s
